[2019-04-18 16:12:48] laravel.EMERGENCY: Unable to create configured logger. Using emergency logger. {"exception":"[object] (InvalidArgumentException(code: 0): Log [] is not defined. at C:\\Tools\\apache\\htdocs\\uhoo\\application\\vendor\\laravel\\framework\\src\\Illuminate\\Log\\LogManager.php:181)
[stacktrace]
#0 C:\\Tools\\apache\\htdocs\\uhoo\\application\\vendor\\laravel\\framework\\src\\Illuminate\\Log\\LogManager.php(115): Illuminate\\Log\\LogManager->resolve(NULL)
#1 C:\\Tools\\apache\\htdocs\\uhoo\\application\\vendor\\laravel\\framework\\src\\Illuminate\\Log\\LogManager.php(103): Illuminate\\Log\\LogManager->get(NULL)
#2 C:\\Tools\\apache\\htdocs\\uhoo\\application\\vendor\\laravel\\framework\\src\\Illuminate\\Log\\LogManager.php(526): Illuminate\\Log\\LogManager->driver()
#3 C:\\Tools\\apache\\htdocs\\uhoo\\application\\vendor\\laravel\\framework\\src\\Illuminate\\Foundation\\Exceptions\\Handler.php(113): Illuminate\\Log\\LogManager->error('The \"\" director...', Array)
#4 C:\\Tools\\apache\\htdocs\\uhoo\\application\\app\\Exceptions\\Handler.php(37): Illuminate\\Foundation\\Exceptions\\Handler->report(Object(InvalidArgumentException))
#5 C:\\Tools\\apache\\htdocs\\uhoo\\application\\vendor\\laravel\\framework\\src\\Illuminate\\Foundation\\Console\\Kernel.php(353): App\\Exceptions\\Handler->report(Object(InvalidArgumentException))
#6 C:\\Tools\\apache\\htdocs\\uhoo\\application\\vendor\\laravel\\framework\\src\\Illuminate\\Foundation\\Console\\Kernel.php(124): Illuminate\\Foundation\\Console\\Kernel->reportException(Object(InvalidArgumentException))
#7 C:\\Tools\\apache\\htdocs\\uhoo\\application\\artisan(37): Illuminate\\Foundation\\Console\\Kernel->handle(Object(Symfony\\Component\\Console\\Input\\ArgvInput), Object(Symfony\\Component\\Console\\Output\\ConsoleOutput))
#8 {main}
"} 
[2019-04-18 16:12:48] laravel.ERROR: The "" directory does not exist. {"exception":"[object] (InvalidArgumentException(code: 0): The \"\" directory does not exist. at C:\\Tools\\apache\\htdocs\\uhoo\\application\\vendor\\symfony\\finder\\Finder.php:547)
[stacktrace]
#0 C:\\Tools\\apache\\htdocs\\uhoo\\application\\vendor\\laravel\\framework\\src\\Illuminate\\Foundation\\Bootstrap\\LoadConfiguration.php(87): Symfony\\Component\\Finder\\Finder->in(false)
#1 C:\\Tools\\apache\\htdocs\\uhoo\\application\\vendor\\laravel\\framework\\src\\Illuminate\\Foundation\\Bootstrap\\LoadConfiguration.php(64): Illuminate\\Foundation\\Bootstrap\\LoadConfiguration->getConfigurationFiles(Object(Illuminate\\Foundation\\Application))
#2 C:\\Tools\\apache\\htdocs\\uhoo\\application\\vendor\\laravel\\framework\\src\\Illuminate\\Foundation\\Bootstrap\\LoadConfiguration.php(39): Illuminate\\Foundation\\Bootstrap\\LoadConfiguration->loadConfigurationFiles(Object(Illuminate\\Foundation\\Application), Object(Illuminate\\Config\\Repository))
#3 C:\\Tools\\apache\\htdocs\\uhoo\\application\\vendor\\laravel\\framework\\src\\Illuminate\\Foundation\\Application.php(206): Illuminate\\Foundation\\Bootstrap\\LoadConfiguration->bootstrap(Object(Illuminate\\Foundation\\Application))
#4 C:\\Tools\\apache\\htdocs\\uhoo\\application\\vendor\\laravel\\framework\\src\\Illuminate\\Foundation\\Console\\Kernel.php(297): Illuminate\\Foundation\\Application->bootstrapWith(Array)
#5 C:\\Tools\\apache\\htdocs\\uhoo\\application\\vendor\\laravel\\framework\\src\\Illuminate\\Foundation\\Console\\Kernel.php(120): Illuminate\\Foundation\\Console\\Kernel->bootstrap()
#6 C:\\Tools\\apache\\htdocs\\uhoo\\application\\artisan(37): Illuminate\\Foundation\\Console\\Kernel->handle(Object(Symfony\\Component\\Console\\Input\\ArgvInput), Object(Symfony\\Component\\Console\\Output\\ConsoleOutput))
#7 {main}
"} 
[2019-04-18 16:12:55] laravel.EMERGENCY: Unable to create configured logger. Using emergency logger. {"exception":"[object] (InvalidArgumentException(code: 0): Log [] is not defined. at C:\\Tools\\apache\\htdocs\\uhoo\\application\\vendor\\laravel\\framework\\src\\Illuminate\\Log\\LogManager.php:181)
[stacktrace]
#0 C:\\Tools\\apache\\htdocs\\uhoo\\application\\vendor\\laravel\\framework\\src\\Illuminate\\Log\\LogManager.php(115): Illuminate\\Log\\LogManager->resolve(NULL)
#1 C:\\Tools\\apache\\htdocs\\uhoo\\application\\vendor\\laravel\\framework\\src\\Illuminate\\Log\\LogManager.php(103): Illuminate\\Log\\LogManager->get(NULL)
#2 C:\\Tools\\apache\\htdocs\\uhoo\\application\\vendor\\laravel\\framework\\src\\Illuminate\\Log\\LogManager.php(526): Illuminate\\Log\\LogManager->driver()
#3 C:\\Tools\\apache\\htdocs\\uhoo\\application\\vendor\\laravel\\framework\\src\\Illuminate\\Foundation\\Exceptions\\Handler.php(113): Illuminate\\Log\\LogManager->error('The \"\" director...', Array)
#4 C:\\Tools\\apache\\htdocs\\uhoo\\application\\app\\Exceptions\\Handler.php(37): Illuminate\\Foundation\\Exceptions\\Handler->report(Object(InvalidArgumentException))
#5 C:\\Tools\\apache\\htdocs\\uhoo\\application\\vendor\\laravel\\framework\\src\\Illuminate\\Foundation\\Console\\Kernel.php(353): App\\Exceptions\\Handler->report(Object(InvalidArgumentException))
#6 C:\\Tools\\apache\\htdocs\\uhoo\\application\\vendor\\laravel\\framework\\src\\Illuminate\\Foundation\\Console\\Kernel.php(124): Illuminate\\Foundation\\Console\\Kernel->reportException(Object(InvalidArgumentException))
#7 C:\\Tools\\apache\\htdocs\\uhoo\\application\\artisan(37): Illuminate\\Foundation\\Console\\Kernel->handle(Object(Symfony\\Component\\Console\\Input\\ArgvInput), Object(Symfony\\Component\\Console\\Output\\ConsoleOutput))
#8 {main}
"} 
[2019-04-18 16:12:55] laravel.ERROR: The "" directory does not exist. {"exception":"[object] (InvalidArgumentException(code: 0): The \"\" directory does not exist. at C:\\Tools\\apache\\htdocs\\uhoo\\application\\vendor\\symfony\\finder\\Finder.php:547)
[stacktrace]
#0 C:\\Tools\\apache\\htdocs\\uhoo\\application\\vendor\\laravel\\framework\\src\\Illuminate\\Foundation\\Bootstrap\\LoadConfiguration.php(87): Symfony\\Component\\Finder\\Finder->in(false)
#1 C:\\Tools\\apache\\htdocs\\uhoo\\application\\vendor\\laravel\\framework\\src\\Illuminate\\Foundation\\Bootstrap\\LoadConfiguration.php(64): Illuminate\\Foundation\\Bootstrap\\LoadConfiguration->getConfigurationFiles(Object(Illuminate\\Foundation\\Application))
#2 C:\\Tools\\apache\\htdocs\\uhoo\\application\\vendor\\laravel\\framework\\src\\Illuminate\\Foundation\\Bootstrap\\LoadConfiguration.php(39): Illuminate\\Foundation\\Bootstrap\\LoadConfiguration->loadConfigurationFiles(Object(Illuminate\\Foundation\\Application), Object(Illuminate\\Config\\Repository))
#3 C:\\Tools\\apache\\htdocs\\uhoo\\application\\vendor\\laravel\\framework\\src\\Illuminate\\Foundation\\Application.php(206): Illuminate\\Foundation\\Bootstrap\\LoadConfiguration->bootstrap(Object(Illuminate\\Foundation\\Application))
#4 C:\\Tools\\apache\\htdocs\\uhoo\\application\\vendor\\laravel\\framework\\src\\Illuminate\\Foundation\\Console\\Kernel.php(297): Illuminate\\Foundation\\Application->bootstrapWith(Array)
#5 C:\\Tools\\apache\\htdocs\\uhoo\\application\\vendor\\laravel\\framework\\src\\Illuminate\\Foundation\\Console\\Kernel.php(120): Illuminate\\Foundation\\Console\\Kernel->bootstrap()
#6 C:\\Tools\\apache\\htdocs\\uhoo\\application\\artisan(37): Illuminate\\Foundation\\Console\\Kernel->handle(Object(Symfony\\Component\\Console\\Input\\ArgvInput), Object(Symfony\\Component\\Console\\Output\\ConsoleOutput))
#7 {main}
"} 
[2019-04-18 16:12:58] laravel.EMERGENCY: Unable to create configured logger. Using emergency logger. {"exception":"[object] (InvalidArgumentException(code: 0): Log [] is not defined. at C:\\Tools\\apache\\htdocs\\uhoo\\application\\vendor\\laravel\\framework\\src\\Illuminate\\Log\\LogManager.php:181)
[stacktrace]
#0 C:\\Tools\\apache\\htdocs\\uhoo\\application\\vendor\\laravel\\framework\\src\\Illuminate\\Log\\LogManager.php(115): Illuminate\\Log\\LogManager->resolve(NULL)
#1 C:\\Tools\\apache\\htdocs\\uhoo\\application\\vendor\\laravel\\framework\\src\\Illuminate\\Log\\LogManager.php(103): Illuminate\\Log\\LogManager->get(NULL)
#2 C:\\Tools\\apache\\htdocs\\uhoo\\application\\vendor\\laravel\\framework\\src\\Illuminate\\Log\\LogManager.php(526): Illuminate\\Log\\LogManager->driver()
#3 C:\\Tools\\apache\\htdocs\\uhoo\\application\\vendor\\laravel\\framework\\src\\Illuminate\\Foundation\\Exceptions\\Handler.php(113): Illuminate\\Log\\LogManager->error('The \"\" director...', Array)
#4 C:\\Tools\\apache\\htdocs\\uhoo\\application\\app\\Exceptions\\Handler.php(37): Illuminate\\Foundation\\Exceptions\\Handler->report(Object(InvalidArgumentException))
#5 C:\\Tools\\apache\\htdocs\\uhoo\\application\\vendor\\laravel\\framework\\src\\Illuminate\\Foundation\\Console\\Kernel.php(353): App\\Exceptions\\Handler->report(Object(InvalidArgumentException))
#6 C:\\Tools\\apache\\htdocs\\uhoo\\application\\vendor\\laravel\\framework\\src\\Illuminate\\Foundation\\Console\\Kernel.php(124): Illuminate\\Foundation\\Console\\Kernel->reportException(Object(InvalidArgumentException))
#7 C:\\Tools\\apache\\htdocs\\uhoo\\application\\artisan(37): Illuminate\\Foundation\\Console\\Kernel->handle(Object(Symfony\\Component\\Console\\Input\\ArgvInput), Object(Symfony\\Component\\Console\\Output\\ConsoleOutput))
#8 {main}
"} 
[2019-04-18 16:12:58] laravel.ERROR: The "" directory does not exist. {"exception":"[object] (InvalidArgumentException(code: 0): The \"\" directory does not exist. at C:\\Tools\\apache\\htdocs\\uhoo\\application\\vendor\\symfony\\finder\\Finder.php:547)
[stacktrace]
#0 C:\\Tools\\apache\\htdocs\\uhoo\\application\\vendor\\laravel\\framework\\src\\Illuminate\\Foundation\\Bootstrap\\LoadConfiguration.php(87): Symfony\\Component\\Finder\\Finder->in(false)
#1 C:\\Tools\\apache\\htdocs\\uhoo\\application\\vendor\\laravel\\framework\\src\\Illuminate\\Foundation\\Bootstrap\\LoadConfiguration.php(64): Illuminate\\Foundation\\Bootstrap\\LoadConfiguration->getConfigurationFiles(Object(Illuminate\\Foundation\\Application))
#2 C:\\Tools\\apache\\htdocs\\uhoo\\application\\vendor\\laravel\\framework\\src\\Illuminate\\Foundation\\Bootstrap\\LoadConfiguration.php(39): Illuminate\\Foundation\\Bootstrap\\LoadConfiguration->loadConfigurationFiles(Object(Illuminate\\Foundation\\Application), Object(Illuminate\\Config\\Repository))
#3 C:\\Tools\\apache\\htdocs\\uhoo\\application\\vendor\\laravel\\framework\\src\\Illuminate\\Foundation\\Application.php(206): Illuminate\\Foundation\\Bootstrap\\LoadConfiguration->bootstrap(Object(Illuminate\\Foundation\\Application))
#4 C:\\Tools\\apache\\htdocs\\uhoo\\application\\vendor\\laravel\\framework\\src\\Illuminate\\Foundation\\Console\\Kernel.php(297): Illuminate\\Foundation\\Application->bootstrapWith(Array)
#5 C:\\Tools\\apache\\htdocs\\uhoo\\application\\vendor\\laravel\\framework\\src\\Illuminate\\Foundation\\Console\\Kernel.php(120): Illuminate\\Foundation\\Console\\Kernel->bootstrap()
#6 C:\\Tools\\apache\\htdocs\\uhoo\\application\\artisan(37): Illuminate\\Foundation\\Console\\Kernel->handle(Object(Symfony\\Component\\Console\\Input\\ArgvInput), Object(Symfony\\Component\\Console\\Output\\ConsoleOutput))
#7 {main}
"} 
[2019-04-18 16:13:18] laravel.EMERGENCY: Unable to create configured logger. Using emergency logger. {"exception":"[object] (InvalidArgumentException(code: 0): Log [] is not defined. at C:\\Tools\\apache\\htdocs\\uhoo\\application\\vendor\\laravel\\framework\\src\\Illuminate\\Log\\LogManager.php:181)
[stacktrace]
#0 C:\\Tools\\apache\\htdocs\\uhoo\\application\\vendor\\laravel\\framework\\src\\Illuminate\\Log\\LogManager.php(115): Illuminate\\Log\\LogManager->resolve(NULL)
#1 C:\\Tools\\apache\\htdocs\\uhoo\\application\\vendor\\laravel\\framework\\src\\Illuminate\\Log\\LogManager.php(103): Illuminate\\Log\\LogManager->get(NULL)
#2 C:\\Tools\\apache\\htdocs\\uhoo\\application\\vendor\\laravel\\framework\\src\\Illuminate\\Log\\LogManager.php(526): Illuminate\\Log\\LogManager->driver()
#3 C:\\Tools\\apache\\htdocs\\uhoo\\application\\vendor\\laravel\\framework\\src\\Illuminate\\Foundation\\Exceptions\\Handler.php(113): Illuminate\\Log\\LogManager->error('The \"\" director...', Array)
#4 C:\\Tools\\apache\\htdocs\\uhoo\\application\\app\\Exceptions\\Handler.php(37): Illuminate\\Foundation\\Exceptions\\Handler->report(Object(InvalidArgumentException))
#5 C:\\Tools\\apache\\htdocs\\uhoo\\application\\vendor\\laravel\\framework\\src\\Illuminate\\Foundation\\Console\\Kernel.php(353): App\\Exceptions\\Handler->report(Object(InvalidArgumentException))
#6 C:\\Tools\\apache\\htdocs\\uhoo\\application\\vendor\\laravel\\framework\\src\\Illuminate\\Foundation\\Console\\Kernel.php(124): Illuminate\\Foundation\\Console\\Kernel->reportException(Object(InvalidArgumentException))
#7 C:\\Tools\\apache\\htdocs\\uhoo\\application\\artisan(37): Illuminate\\Foundation\\Console\\Kernel->handle(Object(Symfony\\Component\\Console\\Input\\ArgvInput), Object(Symfony\\Component\\Console\\Output\\ConsoleOutput))
#8 {main}
"} 
[2019-04-18 16:13:18] laravel.ERROR: The "" directory does not exist. {"exception":"[object] (InvalidArgumentException(code: 0): The \"\" directory does not exist. at C:\\Tools\\apache\\htdocs\\uhoo\\application\\vendor\\symfony\\finder\\Finder.php:547)
[stacktrace]
#0 C:\\Tools\\apache\\htdocs\\uhoo\\application\\vendor\\laravel\\framework\\src\\Illuminate\\Foundation\\Bootstrap\\LoadConfiguration.php(87): Symfony\\Component\\Finder\\Finder->in(false)
#1 C:\\Tools\\apache\\htdocs\\uhoo\\application\\vendor\\laravel\\framework\\src\\Illuminate\\Foundation\\Bootstrap\\LoadConfiguration.php(64): Illuminate\\Foundation\\Bootstrap\\LoadConfiguration->getConfigurationFiles(Object(Illuminate\\Foundation\\Application))
#2 C:\\Tools\\apache\\htdocs\\uhoo\\application\\vendor\\laravel\\framework\\src\\Illuminate\\Foundation\\Bootstrap\\LoadConfiguration.php(39): Illuminate\\Foundation\\Bootstrap\\LoadConfiguration->loadConfigurationFiles(Object(Illuminate\\Foundation\\Application), Object(Illuminate\\Config\\Repository))
#3 C:\\Tools\\apache\\htdocs\\uhoo\\application\\vendor\\laravel\\framework\\src\\Illuminate\\Foundation\\Application.php(206): Illuminate\\Foundation\\Bootstrap\\LoadConfiguration->bootstrap(Object(Illuminate\\Foundation\\Application))
#4 C:\\Tools\\apache\\htdocs\\uhoo\\application\\vendor\\laravel\\framework\\src\\Illuminate\\Foundation\\Console\\Kernel.php(297): Illuminate\\Foundation\\Application->bootstrapWith(Array)
#5 C:\\Tools\\apache\\htdocs\\uhoo\\application\\vendor\\laravel\\framework\\src\\Illuminate\\Foundation\\Console\\Kernel.php(120): Illuminate\\Foundation\\Console\\Kernel->bootstrap()
#6 C:\\Tools\\apache\\htdocs\\uhoo\\application\\artisan(37): Illuminate\\Foundation\\Console\\Kernel->handle(Object(Symfony\\Component\\Console\\Input\\ArgvInput), Object(Symfony\\Component\\Console\\Output\\ConsoleOutput))
#7 {main}
"} 
